<?xml version="1.0" encoding="UTF-8"?>
<testsuite xmlns:xsi="http://www.w3.org/2001/XMLSchema-instance" xsi:noNamespaceSchemaLocation="https://maven.apache.org/surefire/maven-surefire-plugin/xsd/surefire-test-report-3.0.xsd" version="3.0" name="aulas.QuadradoTest" time="0.03" tests="6" errors="0" skipped="0" failures="0">
  <properties>
    <property name="awt.toolkit" value="sun.awt.X11.XToolkit"/>
    <property name="java.specification.version" value="11"/>
    <property name="sun.cpu.isalist" value=""/>
    <property name="sun.jnu.encoding" value="UTF-8"/>
    <property name="java.class.path" value="/home/runner/template-maven-java/projeto/target/test-classes:/home/runner/template-maven-java/projeto/target/classes:/home/runner/.m2/repository/org/junit/jupiter/junit-jupiter-api/5.6.2/junit-jupiter-api-5.6.2.jar:/home/runner/.m2/repository/org/apiguardian/apiguardian-api/1.1.0/apiguardian-api-1.1.0.jar:/home/runner/.m2/repository/org/opentest4j/opentest4j/1.2.0/opentest4j-1.2.0.jar:/home/runner/.m2/repository/org/junit/platform/junit-platform-commons/1.6.2/junit-platform-commons-1.6.2.jar:"/>
    <property name="java.vm.vendor" value="Ubuntu"/>
    <property name="sun.arch.data.model" value="64"/>
    <property name="java.vendor.url" value="https://ubuntu.com/"/>
    <property name="user.timezone" value=""/>
    <property name="java.vm.specification.version" value="11"/>
    <property name="os.name" value="Linux"/>
    <property name="sun.java.launcher" value="SUN_STANDARD"/>
    <property name="user.country" value="US"/>
    <property name="sun.boot.library.path" value="/usr/lib/jvm/java-11-openjdk-amd64/lib"/>
    <property name="sun.java.command" value="/home/runner/template-maven-java/projeto/target/surefire/surefirebooter11083872647437216415.jar /home/runner/template-maven-java/projeto/target/surefire 2021-02-05T11-46-49_434-jvmRun1 surefire14340096278111870754tmp surefire_04976568287965610429tmp"/>
    <property name="jdk.debug" value="release"/>
    <property name="surefire.test.class.path" value="/home/runner/template-maven-java/projeto/target/test-classes:/home/runner/template-maven-java/projeto/target/classes:/home/runner/.m2/repository/org/junit/jupiter/junit-jupiter-api/5.6.2/junit-jupiter-api-5.6.2.jar:/home/runner/.m2/repository/org/apiguardian/apiguardian-api/1.1.0/apiguardian-api-1.1.0.jar:/home/runner/.m2/repository/org/opentest4j/opentest4j/1.2.0/opentest4j-1.2.0.jar:/home/runner/.m2/repository/org/junit/platform/junit-platform-commons/1.6.2/junit-platform-commons-1.6.2.jar:"/>
    <property name="sun.cpu.endian" value="little"/>
    <property name="user.home" value="/home/runner"/>
    <property name="user.language" value="en"/>
    <property name="java.specification.vendor" value="Oracle Corporation"/>
    <property name="java.version.date" value="2020-11-04"/>
    <property name="java.home" value="/usr/lib/jvm/java-11-openjdk-amd64"/>
    <property name="file.separator" value="/"/>
    <property name="basedir" value="/home/runner/template-maven-java/projeto"/>
    <property name="java.vm.compressedOopsMode" value="32-bit"/>
    <property name="line.separator" value="&#10;"/>
    <property name="java.specification.name" value="Java Platform API Specification"/>
    <property name="java.vm.specification.vendor" value="Oracle Corporation"/>
    <property name="java.awt.graphicsenv" value="sun.awt.X11GraphicsEnvironment"/>
    <property name="surefire.real.class.path" value="/home/runner/template-maven-java/projeto/target/surefire/surefirebooter11083872647437216415.jar"/>
    <property name="sun.management.compiler" value="HotSpot 64-Bit Tiered Compilers"/>
    <property name="java.runtime.version" value="11.0.9.1+1-Ubuntu-0ubuntu1.18.04"/>
    <property name="user.name" value="runner"/>
    <property name="path.separator" value=":"/>
    <property name="os.version" value="5.4.0-1019-gcp"/>
    <property name="java.runtime.name" value="OpenJDK Runtime Environment"/>
    <property name="file.encoding" value="UTF-8"/>
    <property name="java.vm.name" value="OpenJDK 64-Bit Server VM"/>
    <property name="localRepository" value="/home/runner/.m2/repository"/>
    <property name="java.vendor.url.bug" value="https://bugs.launchpad.net/ubuntu/+source/openjdk-lts"/>
    <property name="java.io.tmpdir" value="/tmp"/>
    <property name="java.version" value="11.0.9.1"/>
    <property name="user.dir" value="/home/runner/template-maven-java/projeto"/>
    <property name="os.arch" value="amd64"/>
    <property name="java.vm.specification.name" value="Java Virtual Machine Specification"/>
    <property name="java.awt.printerjob" value="sun.print.PSPrinterJob"/>
    <property name="sun.os.patch.level" value="unknown"/>
    <property name="java.library.path" value="/home/runner/.apt/usr/lib/x86_64-linux-gnu:/home/runner/.apt/usr/lib/i386-linux-gnu:/home/runner/.apt/usr/lib::/usr/java/packages/lib:/usr/lib/x86_64-linux-gnu/jni:/lib/x86_64-linux-gnu:/usr/lib/x86_64-linux-gnu:/usr/lib/jni:/lib:/usr/lib"/>
    <property name="java.vm.info" value="mixed mode, sharing"/>
    <property name="java.vendor" value="Ubuntu"/>
    <property name="java.vm.version" value="11.0.9.1+1-Ubuntu-0ubuntu1.18.04"/>
    <property name="sun.io.unicode.encoding" value="UnicodeLittle"/>
    <property name="java.class.version" value="55.0"/>
  </properties>
  <testcase name="ladoDeveEstarDefinido" classname="aulas.QuadradoTest" time="0.009"/>
  <testcase name="deveRetornarArea" classname="aulas.QuadradoTest" time="0.001"/>
  <testcase name="deveLancarExcecaoCasoLadoForMenorQueZero" classname="aulas.QuadradoTest" time="0.003"/>
  <testcase name="deveLancarExcecaoCasoLadoForIgualAZero" classname="aulas.QuadradoTest" time="0.002"/>
  <testcase name="objetoNaoPodeSerNull" classname="aulas.QuadradoTest" time="0.002"/>
  <testcase name="deveRetornarPerimetro" classname="aulas.QuadradoTest" time="0.001"/>
</testsuite>